99.02.22 13:09 B C:\temp downloads\javaudio\classes\AudioLoop.class <-- sparky homedir to downloads /drive2/WWW/Public/javahearing/classes AudioLoop.class
99.02.22 13:09 B C:\temp downloads\javaudio\classes\CursorState.class <-- sparky homedir to downloads /drive2/WWW/Public/javahearing/classes CursorState.class
99.02.22 13:09 B C:\temp downloads\javaudio\classes\harmonic.class <-- sparky homedir to downloads /drive2/WWW/Public/javahearing/classes harmonic.class
99.02.22 13:09 B C:\temp downloads\javaudio\classes\myPlotCanvas.class <-- sparky homedir to downloads /drive2/WWW/Public/javahearing/classes myPlotCanvas.class
99.02.22 13:09 B C:\temp downloads\javaudio\classes\PhaseCanvas.class <-- sparky homedir to downloads /drive2/WWW/Public/javahearing/classes PhaseCanvas.class
99.02.22 13:09 B C:\temp downloads\javaudio\classes\plotCanvas$AxisGraphic.class <-- sparky homedir to downloads /drive2/WWW/Public/javahearing/classes plotCanvas$AxisGraphic.class
99.02.22 13:09 B C:\temp downloads\javaudio\classes\plotCanvas$ticlocs.class <-- sparky homedir to downloads /drive2/WWW/Public/javahearing/classes plotCanvas$ticlocs.class
99.02.22 13:09 B C:\temp downloads\javaudio\classes\plotCanvas.class <-- sparky homedir to downloads /drive2/WWW/Public/javahearing/classes plotCanvas.class
99.02.22 13:09 B C:\temp downloads\javaudio\classes\PlotCanvasControls.class <-- sparky homedir to downloads /drive2/WWW/Public/javahearing/classes PlotCanvasControls.class
99.02.22 13:09 B C:\temp downloads\javaudio\classes\pointpairs.class <-- sparky homedir to downloads /drive2/WWW/Public/javahearing/classes pointpairs.class
99.02.22 13:09 B C:\temp downloads\javaudio\classes\sharctimbre$samples.class <-- sparky homedir to downloads /drive2/WWW/Public/javahearing/classes sharctimbre$samples.class
99.02.22 13:09 B C:\temp downloads\javaudio\classes\sharctimbre.class <-- sparky homedir to downloads /drive2/WWW/Public/javahearing/classes sharctimbre.class
99.02.22 13:09 B C:\temp downloads\javaudio\classes\SpectrumCanvas.class <-- sparky homedir to downloads /drive2/WWW/Public/javahearing/classes SpectrumCanvas.class
99.02.22 13:09 B C:\temp downloads\javaudio\classes\stest$1$AudioButtonListener.class <-- sparky homedir to downloads /drive2/WWW/Public/javahearing/classes stest$1$AudioButtonListener.class
99.02.22 13:09 B C:\temp downloads\javaudio\classes\stest$1$PhaseShowListener.class <-- sparky homedir to downloads /drive2/WWW/Public/javahearing/classes stest$1$PhaseShowListener.class
99.02.22 13:09 B C:\temp downloads\javaudio\classes\stest$1$WaveShowListener.class <-- sparky homedir to downloads /drive2/WWW/Public/javahearing/classes stest$1$WaveShowListener.class
99.02.22 13:09 B C:\temp downloads\javaudio\classes\stest$1.class <-- sparky homedir to downloads /drive2/WWW/Public/javahearing/classes stest$1.class
99.02.22 13:09 B C:\temp downloads\javaudio\classes\stest$2.class <-- sparky homedir to downloads /drive2/WWW/Public/javahearing/classes stest$2.class
99.02.22 13:09 B C:\temp downloads\javaudio\classes\stest.class <-- sparky homedir to downloads /drive2/WWW/Public/javahearing/classes stest.class
99.02.22 13:09 B C:\temp downloads\javaudio\classes\WaveformCanvas.class <-- sparky homedir to downloads /drive2/WWW/Public/javahearing/classes WaveformCanvas.class
